
Note-[SM_PME] Processing Module/Entity
  Processing: top Parameterized Name: top


Note-[SM_IIF] Instance Info
  Instance Count : module 'top' has 24 instances
  


Note-[SM_CHLDRUN_DONE] Child process run completed
  Child process number '0' with process id '21004'
  is done with synthesis of total '1' modules
  SIMON Child CPU Time        : 0.05 sec
  SIMON Child Wall-Clock Time : 0.08 sec
  SIMON Child Current Memory  : 381 MB
  SIMON Child Peak Memory     : 381 MB
  SIMON Distribution          : 0.02,0.01,0.00,0.00 sec
  End time                    : Sun Apr  9 22:37:46 2023
  .


Note-[SM_POME] Processing Module/Entity
  Performing post-processing optimizations on Module/Entity: MUX


Note-[SM_CHLDRUN_DONE] Child process run completed
  Child process number '0' with process id '21020'
  is done with post-processing optimizations of total '1' modules
  SIMON Child CPU Time        : 0.00 sec
  SIMON Child Wall-Clock Time : 0.02 sec
  SIMON Child Current Memory  : 380 MB
  SIMON Child Peak Memory     : 380 MB
  SIMON Distribution          : 0.00,0.00,0.00,0.00 sec
  End time                    : Sun Apr  9 22:37:46 2023
  .

