
Processing ALUControl
before buildCfgFromIStructural: 0u 0s 31e 389080kB
Before processing instances: 0u 0s 42e 389080kB
After processing instances: 0u 0s 42e 389080kB
before processing cont assigns: 0u 0s 42e 389080kB
after processing cont assigns: 0u 0s 90e 389080kB
before processing processes: 0u 0s 90e 389080kB
after processing processes: 0u 0s 90e 389080kB
after buildCfgFromIStructural: 0u 0s 93e 389080kB
before ns->mergeSimpleProcesses: 0u 0s 93e 389080kB
after ns->mergeSimpleProcesses: 0u 0s 93e 389080kB
before ns->splitPartialWrites: 0u 0s 93e 389080kB
after ns->splitPartialWrites: 0u 0s 93e 389080kB
before removeUnneededLatches: 0u 0s 93e 389080kB
after removeUnneededLatches: 0u 0s 93e 389080kB
before printMsgForBothBAandNBAAccrossProcess: 0u 0s 93e 389080kB
after printMsgForBothBAandNBAAccrossProcess: 0u 0s 93e 389080kB
after other NameScope processing: 0u 0s 93e 389080kB
before rebuildInstGraph: 0u 0s 96e 389080kB
  before addAllInScope: 0u 0s 96e 389080kB
  after addAllInScope: 0u 0s 96e 389080kB
after rebuildInstGraph: 0u 0s 96e 389080kB
before markTristateCones : 0u 0s 96e 389080kB
after markTristateCones : 0u 0s 96e 389080kB
before constantPropagate: 0.01u 0s 203e 389080kB
after constantPropagate: 0.01u 0s 203e 389080kB
before removeUnusedSignals circuit: 0.01u 0s 203e 389080kB
after removeUnusedSignals circuit: 0.01u 0s 203e 389080kB
before optimize latch enable: 0.01u 0s 203e 389080kB
after optimize latch enable: 0.01u 0s 203e 389080kB

Processing MEM_WB
before buildCfgFromIStructural: 0.01u 0s 91e 389080kB
Before processing instances: 0.01u 0s 105e 389080kB
After processing instances: 0.01u 0s 105e 389080kB
before processing cont assigns: 0.01u 0s 105e 389080kB
after processing cont assigns: 0.01u 0s 105e 389080kB
before processing processes: 0.01u 0s 105e 389080kB
after processing processes: 0.01u 0s 140e 389080kB
after buildCfgFromIStructural: 0.01u 0s 144e 389080kB
before ns->mergeSimpleProcesses: 0.01u 0s 144e 389080kB
after ns->mergeSimpleProcesses: 0.01u 0s 144e 389080kB
before ns->splitPartialWrites: 0.01u 0s 144e 389080kB
after ns->splitPartialWrites: 0.02u 0s 144e 389080kB
before removeUnneededLatches: 0.02u 0s 144e 389080kB
after removeUnneededLatches: 0.02u 0s 144e 389080kB
before printMsgForBothBAandNBAAccrossProcess: 0.02u 0s 144e 389080kB
after printMsgForBothBAandNBAAccrossProcess: 0.02u 0s 144e 389080kB
after other NameScope processing: 0.02u 0s 144e 389080kB
before rebuildInstGraph: 0.02u 0s 144e 389080kB
  before addAllInScope: 0.02u 0s 144e 389080kB
  after addAllInScope: 0.02u 0s 144e 389080kB
after rebuildInstGraph: 0.02u 0s 144e 389080kB
before markTristateCones : 0.02u 0s 144e 389080kB
after markTristateCones : 0.02u 0s 144e 389080kB
before constantPropagate: 0.02u 0.01s 240e 389080kB
after constantPropagate: 0.02u 0.01s 241e 389080kB
before removeUnusedSignals circuit: 0.02u 0.01s 241e 389080kB
after removeUnusedSignals circuit: 0.02u 0.01s 241e 389080kB
before optimize latch enable: 0.02u 0.01s 241e 389080kB
after optimize latch enable: 0.02u 0.01s 241e 389080kB
