
Note-[SM_PME] Processing Module/Entity
  Processing: ALUControl Parameterized Name: ALUControl


Note-[SM_PME] Processing Module/Entity
  Processing: MEM_WB Parameterized Name: MEM_WB


Note-[SM_CHLDRUN_DONE] Child process run completed
  Child process number '13' with process id '21017'
  is done with synthesis of total '2' modules
  SIMON Child CPU Time        : 0.03 sec
  SIMON Child Wall-Clock Time : 0.07 sec
  SIMON Child Current Memory  : 380 MB
  SIMON Child Peak Memory     : 380 MB
  SIMON Distribution          : 0.00,0.01,0.00,0.00 sec
  End time                    : Sun Apr  9 22:37:46 2023
  .


Note-[SM_POME] Processing Module/Entity
  Performing post-processing optimizations on Module/Entity: ALU


Note-[SM_POME] Processing Module/Entity
  Performing post-processing optimizations on Module/Entity: MEM_WB


Note-[SM_CHLDRUN_DONE] Child process run completed
  Child process number '13' with process id '21033'
  is done with post-processing optimizations of total '2' modules
  SIMON Child CPU Time        : 0.00 sec
  SIMON Child Wall-Clock Time : 0.03 sec
  SIMON Child Current Memory  : 380 MB
  SIMON Child Peak Memory     : 380 MB
  SIMON Distribution          : 0.00,0.00,0.00,0.00 sec
  End time                    : Sun Apr  9 22:37:46 2023
  .

