            module           user(s)         system(s)             nodes            vm(kb)              file
               ALU                 0                 0               195            389080 Child14/fullStats.log
        ALUControl                 0                 0               203            389080 Child13/fullStats.log
             Adder                 0                 0                65            389080 Child4/fullStats.log
           Control                 0                 0               531            389148 Child7/fullStats.log
                DM                 0                 0               179            389080 Child1/fullStats.log
            EX_MEM                 0                 0               234            389204 Child2/fullStats.log
        Forwarding                 0                 0               173            389080 Child15/fullStats.log
            Hazard                 0                 0               157            389080 Child6/fullStats.log
             ID_EX                 0                 0               460            389468 Child12/fullStats.log
             IF_ID                 0                 0               158            389080 Child5/fullStats.log
                IM                 0                 0               201            389080 Child3/fullStats.log
            ImmGen                 0                 0               208            389080 Child9/fullStats.log
            MEM_WB                 0                 0               241            389080 Child13/fullStats.log
               MUX                 0                 0                82            389080 Child1/fullStats.log
            MUX3_1                 0                 0               112            389080 Child10/fullStats.log
                PC                 0                 0               100            389080 Child2/fullStats.log
         Registers                 0                 0               225            389080 Child8/fullStats.log
        comparator                 0                 0                62            389080 Child11/fullStats.log
               top                 0                 0               546            390656 Child0/fullStats.log
