            module           user(s)         system(s)             nodes            vm(kb)              file
               ALU                 0                 0               681            389672 Child13/fullStats.post.log
        ALUControl                 0                 0               681            389672 Child12/fullStats.post.log
             Adder                 0                 0               681            389672 Child3/fullStats.post.log
           Control                 0                 0               681            389672 Child6/fullStats.post.log
                DM                 0                 0               704            389672 Child10/fullStats.post.log
            EX_MEM                 0                 0               682            389672 Child15/fullStats.post.log
        Forwarding                 0                 0               681            389672 Child14/fullStats.post.log
            Hazard                 0                 0               681            389672 Child5/fullStats.post.log
             ID_EX                 0                 0               682            389672 Child11/fullStats.post.log
             IF_ID                 0                 0               689            389672 Child4/fullStats.post.log
                IM                 0                 0               706            389672 Child2/fullStats.post.log
            ImmGen                 0                 0               681            389672 Child8/fullStats.post.log
            MEM_WB                 0                 0               682            389672 Child13/fullStats.post.log
               MUX                 0                 0               681            389672 Child0/fullStats.post.log
            MUX3_1                 0                 0               681            389672 Child9/fullStats.post.log
                PC                 0                 0               682            389672 Child1/fullStats.post.log
         Registers                 0                 0               702            389672 Child7/fullStats.post.log
        comparator                 0                 0               681            389672 Child10/fullStats.post.log
               top                 0                 0               681            389672 Child12/fullStats.post.log
