
Processing PC
before buildCfgFromIStructural: 0u 0s 31e 389080kB
Before processing instances: 0u 0s 36e 389080kB
After processing instances: 0u 0s 36e 389080kB
before processing cont assigns: 0u 0s 36e 389080kB
after processing cont assigns: 0u 0s 36e 389080kB
before processing processes: 0u 0s 36e 389080kB
after processing processes: 0u 0s 51e 389080kB
after buildCfgFromIStructural: 0u 0s 53e 389080kB
before ns->mergeSimpleProcesses: 0u 0s 53e 389080kB
after ns->mergeSimpleProcesses: 0u 0s 53e 389080kB
before ns->splitPartialWrites: 0u 0s 53e 389080kB
after ns->splitPartialWrites: 0u 0s 53e 389080kB
before removeUnneededLatches: 0u 0s 53e 389080kB
after removeUnneededLatches: 0u 0s 53e 389080kB
before printMsgForBothBAandNBAAccrossProcess: 0u 0s 53e 389080kB
after printMsgForBothBAandNBAAccrossProcess: 0u 0s 53e 389080kB
after other NameScope processing: 0u 0s 53e 389080kB
before rebuildInstGraph: 0u 0s 53e 389080kB
  before addAllInScope: 0u 0s 53e 389080kB
  after addAllInScope: 0u 0s 53e 389080kB
after rebuildInstGraph: 0u 0s 53e 389080kB
before markTristateCones : 0u 0s 53e 389080kB
after markTristateCones : 0u 0s 53e 389080kB
before constantPropagate: 0u 0.01s 99e 389080kB
after constantPropagate: 0u 0.01s 100e 389080kB
before removeUnusedSignals circuit: 0u 0.01s 100e 389080kB
after removeUnusedSignals circuit: 0u 0.01s 100e 389080kB
before optimize latch enable: 0u 0.01s 100e 389080kB
after optimize latch enable: 0u 0.01s 100e 389080kB

Processing EX_MEM
before buildCfgFromIStructural: 0.01u 0.01s 44e 389080kB
Before processing instances: 0.01u 0.01s 63e 389080kB
After processing instances: 0.01u 0.01s 63e 389080kB
before processing cont assigns: 0.01u 0.01s 63e 389080kB
after processing cont assigns: 0.01u 0.01s 63e 389080kB
before processing processes: 0.01u 0.01s 63e 389080kB
after processing processes: 0.01u 0.01s 111e 389204kB
after buildCfgFromIStructural: 0.01u 0.01s 115e 389204kB
before ns->mergeSimpleProcesses: 0.01u 0.01s 115e 389204kB
after ns->mergeSimpleProcesses: 0.01u 0.01s 115e 389204kB
before ns->splitPartialWrites: 0.01u 0.01s 115e 389204kB
after ns->splitPartialWrites: 0.01u 0.01s 115e 389204kB
before removeUnneededLatches: 0.01u 0.01s 115e 389204kB
after removeUnneededLatches: 0.01u 0.01s 115e 389204kB
before printMsgForBothBAandNBAAccrossProcess: 0.01u 0.01s 115e 389204kB
after printMsgForBothBAandNBAAccrossProcess: 0.01u 0.01s 115e 389204kB
after other NameScope processing: 0.01u 0.01s 115e 389204kB
before rebuildInstGraph: 0.01u 0.01s 115e 389204kB
  before addAllInScope: 0.01u 0.01s 115e 389204kB
  after addAllInScope: 0.01u 0.01s 115e 389204kB
after rebuildInstGraph: 0.01u 0.01s 115e 389204kB
before markTristateCones : 0.01u 0.01s 115e 389204kB
after markTristateCones : 0.01u 0.01s 115e 389204kB
before constantPropagate: 0.02u 0.01s 234e 389204kB
after constantPropagate: 0.02u 0.01s 234e 389204kB
before removeUnusedSignals circuit: 0.02u 0.01s 234e 389204kB
after removeUnusedSignals circuit: 0.02u 0.01s 234e 389204kB
before optimize latch enable: 0.02u 0.01s 234e 389204kB
after optimize latch enable: 0.02u 0.01s 234e 389204kB
