
Note-[SM_PME] Processing Module/Entity
  Processing: PC Parameterized Name: PC


Note-[SM_PME] Processing Module/Entity
  Processing: EX_MEM Parameterized Name: EX_MEM


Note-[SM_CHLDRUN_DONE] Child process run completed
  Child process number '2' with process id '21006'
  is done with synthesis of total '2' modules
  SIMON Child CPU Time        : 0.03 sec
  SIMON Child Wall-Clock Time : 0.09 sec
  SIMON Child Current Memory  : 380 MB
  SIMON Child Peak Memory     : 380 MB
  SIMON Distribution          : 0.00,0.00,0.00,0.00 sec
  End time                    : Sun Apr  9 22:37:46 2023
  .


Note-[SM_POME] Processing Module/Entity
  Performing post-processing optimizations on Module/Entity: IM


Note-[SM_MEM_INFO] Module has inferred memories
./src/IM.v, 1
  Inferred memory statistics for module 'IM' (Instances: 1)
  ------------------------------------------------------------------------------
  |Name |Size |TotalPorts |ReadPorts |WritePorts |Reset |Initial |
  ------------------------------------------------------------------------------
  | instrucmem | 1024(32x32) |TP:2 |RP:1(A:1,S:0) |WP:1(A:0,S:1) |R:AsyncRst 
  |I:No |
  ------------------------------------------------------------------------------


Note-[SM_CHLDRUN_DONE] Child process run completed
  Child process number '2' with process id '21022'
  is done with post-processing optimizations of total '1' modules
  SIMON Child CPU Time        : 0.00 sec
  SIMON Child Wall-Clock Time : 0.03 sec
  SIMON Child Current Memory  : 380 MB
  SIMON Child Peak Memory     : 380 MB
  SIMON Distribution          : 0.00,0.00,0.00,0.00 sec
  End time                    : Sun Apr  9 22:37:46 2023
  .

