
Note-[SM_PME] Processing Module/Entity
  Processing: Control Parameterized Name: Control


Note-[SM_CHLDRUN_DONE] Child process run completed
  Child process number '7' with process id '21011'
  is done with synthesis of total '1' modules
  SIMON Child CPU Time        : 0.03 sec
  SIMON Child Wall-Clock Time : 0.06 sec
  SIMON Child Current Memory  : 380 MB
  SIMON Child Peak Memory     : 380 MB
  SIMON Distribution          : 0.02,0.00,0.00,0.00 sec
  End time                    : Sun Apr  9 22:37:46 2023
  .


Note-[SM_POME] Processing Module/Entity
  Performing post-processing optimizations on Module/Entity: Registers


Note-[SM_MEM_INFO] Module has inferred memories
./src/Registers.v, 1
  Inferred memory statistics for module 'Registers' (Instances: 1)
  ------------------------------------------------------------------------------
  |Name |Size |TotalPorts |ReadPorts |WritePorts |Reset |Initial |
  ------------------------------------------------------------------------------
  | Registers | 2048(32x64) |TP:3 |RP:2(A:2,S:0) |WP:1(A:0,S:1) |R:AsyncRst 
  |I:No |
  ------------------------------------------------------------------------------


Note-[SM_CHLDRUN_DONE] Child process run completed
  Child process number '7' with process id '21027'
  is done with post-processing optimizations of total '1' modules
  SIMON Child CPU Time        : 0.00 sec
  SIMON Child Wall-Clock Time : 0.03 sec
  SIMON Child Current Memory  : 380 MB
  SIMON Child Peak Memory     : 380 MB
  SIMON Distribution          : 0.00,0.00,0.00,0.00 sec
  End time                    : Sun Apr  9 22:37:46 2023
  .

